<?xml version="1.0" encoding="UTF-8"?>
<!-- Generated by org.testng.reporters.JUnitXMLReporter -->
<testsuite hostname="GGKU5DELL1123" ignored="0" name="Test" tests="1" failures="1" timestamp="2020-08-19T00:39:02 IST" time="9.751" errors="0">
  <testcase name="testUserRegistration" time="9.728" classname="TestCases.TestUserRegistration">
    <failure type="java.lang.AssertionError" message="User Registration Failed  expected [true] but found [false]">
      <![CDATA[java.lang.AssertionError: User Registration Failed  expected [true] but found [false]
at TestCases.TestUserRegistration.fillRegistrationForm(TestUserRegistration.java:79)
at TestCases.TestUserRegistration.testUserRegistration(TestUserRegistration.java:26)
at java.util.ArrayList.forEach(Unknown Source)
... Removed 30 stack frames]]>
    </failure>
  </testcase> <!-- testUserRegistration -->
</testsuite> <!-- Test -->
